<?xml version="1.0" encoding="UTF-8"?>
<!-- Generated by org.testng.reporters.JUnitXMLReporter -->
<testsuite ignored="0" hostname="NB-Elena" failures="0" tests="6" name="Command line test" time="21.311" errors="0" timestamp="2020-04-11T22:36:46 MSK">
  <testcase classname="ru.technoserv.atmaven.tests.AlertDemoTest" name="AlertDemo" time="0.492"/>
  <testcase classname="ru.technoserv.atmaven.tests.FirstE2ETest" name="verifyHomepageTitle" time="0.082"/>
  <testcase classname="ru.technoserv.atmaven.tests.FirstE2ETest" name="verifyMainLabel" time="0.77"/>
  <testcase classname="ru.technoserv.atmaven.tests.SampleTest" name="compareDouble" time="0.001"/>
  <testcase classname="ru.technoserv.atmaven.tests.SampleTest" name="compareIntegers" time="0.0"/>
  <testcase classname="ru.technoserv.atmaven.tests.SampleTest" name="compareStrings" time="0.001"/>
</testsuite> <!-- Command line test -->
