<?xml version="1.0" encoding="UTF-8" ?>
<testsuite tests="6" failures="0" name="TestSuite" time="1.349" errors="0" skipped="0">
  <properties>
[...]
</properties>
  <testcase classname="ru.technoserv.atmaven.tests.AlertDemoTest" name="AlertDemo" time="0.499"/>
  <testcase classname="ru.technoserv.atmaven.tests.FirstE2ETest" name="verifyHomepageTitle" time="0.079"/>
  <testcase classname="ru.technoserv.atmaven.tests.FirstE2ETest" name="verifyMainLabel" time="0.769"/>
  <testcase classname="ru.technoserv.atmaven.tests.SampleTest" name="compareDouble" time="0.001"/>
  <testcase classname="ru.technoserv.atmaven.tests.SampleTest" name="compareIntegers" time="0"/>
  <testcase classname="ru.technoserv.atmaven.tests.SampleTest" name="compareStrings" time="0.001"/>
</testsuite>